<?xml version="1.0" encoding="UTF-8"?>
<!-- Generated by org.testng.reporters.JUnitReportReporter -->
<testsuite skipped="0" hostname="LAPTOP-CSJIOOPH" name="testNG_Basics.TC_priority_001" tests="1" failures="0" timestamp="2022-01-27T10:14:13 IST" time="4.671" errors="0">
  <testcase name="dell" time="4.671" classname="testNG_Basics.TC_priority_001"/>
  <system-out/>
</testsuite> <!-- testNG_Basics.TC_priority_001 -->
