<?xml version="1.0" encoding="UTF-8"?>
<!-- Generated by org.testng.reporters.JUnitReportReporter -->
<testsuite skipped="0" hostname="LAPTOP-CSJIOOPH" name="testNG_Advanced.TC_DataProviderUsingExcel" tests="5" failures="0" timestamp="2022-01-25T22:35:05 IST" time="73.281" errors="0">
  <testcase name="createRequest" time="16.320" classname="testNG_Advanced.TC_DataProviderUsingExcel"/>
  <system-out/>
  <testcase name="createRequest" time="19.973" classname="testNG_Advanced.TC_DataProviderUsingExcel"/>
  <system-out/>
  <testcase name="createRequest" time="11.451" classname="testNG_Advanced.TC_DataProviderUsingExcel"/>
  <system-out/>
  <testcase name="createRequest" time="10.632" classname="testNG_Advanced.TC_DataProviderUsingExcel"/>
  <system-out/>
  <testcase name="createRequest" time="14.905" classname="testNG_Advanced.TC_DataProviderUsingExcel"/>
  <system-out/>
</testsuite> <!-- testNG_Advanced.TC_DataProviderUsingExcel -->
