<?xml version="1.0" encoding="UTF-8"?>
<!-- Generated by org.testng.reporters.JUnitReportReporter -->
<testsuite skipped="0" hostname="LAPTOP-CSJIOOPH" name="testNG_Basics.TC_Invocationcount_001" tests="9" failures="0" timestamp="2022-01-27T10:09:09 IST" time="29.762" errors="0">
  <testcase name="lenskart" time="2.969" classname="testNG_Basics.TC_Invocationcount_001"/>
  <system-out/>
  <testcase name="lenskart" time="3.033" classname="testNG_Basics.TC_Invocationcount_001"/>
  <system-out/>
  <testcase name="dell" time="2.925" classname="testNG_Basics.TC_Invocationcount_001"/>
  <system-out/>
  <testcase name="lenovo" time="5.336" classname="testNG_Basics.TC_Invocationcount_001"/>
  <system-out/>
  <testcase name="lenskart" time="2.831" classname="testNG_Basics.TC_Invocationcount_001"/>
  <system-out/>
  <testcase name="dell" time="2.989" classname="testNG_Basics.TC_Invocationcount_001"/>
  <system-out/>
  <testcase name="lenskart" time="2.946" classname="testNG_Basics.TC_Invocationcount_001"/>
  <system-out/>
  <testcase name="dell" time="3.194" classname="testNG_Basics.TC_Invocationcount_001"/>
  <system-out/>
  <testcase name="lenovo" time="3.539" classname="testNG_Basics.TC_Invocationcount_001"/>
  <system-out/>
</testsuite> <!-- testNG_Basics.TC_Invocationcount_001 -->
