<?xml version="1.0" encoding="UTF-8"?>
<!-- Generated by org.testng.reporters.JUnitReportReporter -->
<testsuite skipped="0" hostname="LAPTOP-CSJIOOPH" name="testNG_Advanced.TC_DataProvider_001" tests="1" failures="0" timestamp="2022-01-24T10:18:35 IST" time="33.366" errors="0">
  <testcase name="amazon" time="33.366" classname="testNG_Advanced.TC_DataProvider_001"/>
  <system-out/>
</testsuite> <!-- testNG_Advanced.TC_DataProvider_001 -->
