<?xml version="1.0" encoding="UTF-8"?>
<!-- Generated by org.testng.reporters.JUnitReportReporter -->
<testsuite skipped="0" hostname="LAPTOP-CSJIOOPH" name="testNG_Basics.TC_threadPoolSize_001" tests="3" failures="0" timestamp="2022-01-27T10:14:13 IST" time="19.750" errors="0">
  <testcase name="dell" time="7.203" classname="testNG_Basics.TC_threadPoolSize_001"/>
  <system-out/>
  <testcase name="dell" time="6.146" classname="testNG_Basics.TC_threadPoolSize_001"/>
  <system-out/>
  <testcase name="dell" time="6.401" classname="testNG_Basics.TC_threadPoolSize_001"/>
  <system-out/>
</testsuite> <!-- testNG_Basics.TC_threadPoolSize_001 -->
