<?xml version="1.0" encoding="UTF-8"?>
<!-- Generated by org.testng.reporters.JUnitReportReporter -->
<testsuite skipped="0" hostname="LAPTOP-CSJIOOPH" name="testNG_Advanced.TC_DataProvider1D_001" tests="4" failures="0" timestamp="2022-01-25T22:32:43 IST" time="58.364" errors="0">
  <testcase name="createRequest" time="12.585" classname="testNG_Advanced.TC_DataProvider1D_001"/>
  <system-out/>
  <testcase name="createRequest" time="14.228" classname="testNG_Advanced.TC_DataProvider1D_001"/>
  <system-out/>
  <testcase name="createRequest" time="18.660" classname="testNG_Advanced.TC_DataProvider1D_001"/>
  <system-out/>
  <testcase name="createRequest" time="12.891" classname="testNG_Advanced.TC_DataProvider1D_001"/>
  <system-out/>
</testsuite> <!-- testNG_Advanced.TC_DataProvider1D_001 -->
