<?xml version="1.0" encoding="UTF-8"?>
<!-- Generated by org.testng.reporters.JUnitReportReporter -->
<testsuite skipped="0" hostname="LAPTOP-CSJIOOPH" name="testNG_Advanced.Tc_DataProvider2D_001" tests="2" failures="0" timestamp="2022-01-25T22:16:02 IST" time="30.346" errors="0">
  <testcase name="readMultipleDataFromExcel" time="15.440" classname="testNG_Advanced.Tc_DataProvider2D_001"/>
  <system-out/>
  <testcase name="readMultipleDataFromExcel" time="14.906" classname="testNG_Advanced.Tc_DataProvider2D_001"/>
  <system-out/>
</testsuite> <!-- testNG_Advanced.Tc_DataProvider2D_001 -->
